<?xml version="1.0" encoding="UTF-8"?>
<testsuite xmlns:xsi="http://www.w3.org/2001/XMLSchema-instance" xsi:noNamespaceSchemaLocation="https://maven.apache.org/surefire/maven-surefire-plugin/xsd/surefire-test-report.xsd" name="com.careerit.junit.basics.FundamentalProgramsTest" time="0.25" tests="2" errors="0" skipped="0" failures="0">
  <properties>
[...]
</properties>
  <testcase name="isPrimeWithPrime" classname="com.careerit.junit.basics.FundamentalProgramsTest" time="0.16"/>
  <testcase name="isPrimeWithNNumber" classname="com.careerit.junit.basics.FundamentalProgramsTest" time="0.024"/>
</testsuite>